0 info it worked if it ends with ok
1 verbose cli [ 'node', '/usr/local/bin/npm', 'install' ]
2 info using npm@1.4.28
3 info using node@v0.10.35
4 verbose readDependencies using package.json deps
5 verbose install where, deps [ '/Users/parikmaher/Projects/YandexDisk/WantEat/techs/eat/public/frontend',
5 verbose install   [ 'bem-environ',
5 verbose install     'bem',
5 verbose install     'bem-tools-autoprefixer',
5 verbose install     'borschik',
5 verbose install     'borschik-tech-cleancss',
5 verbose install     'bower',
5 verbose install     'bower-npm-install',
5 verbose install     'enb',
5 verbose install     'enb-bem-techs',
5 verbose install     'enb-autoprefixer',
5 verbose install     'enb-bemxjst',
5 verbose install     'enb-borschik',
5 verbose install     'enb-diverse-js',
5 verbose install     'enb-modules',
5 verbose install     'enb-stylus',
5 verbose install     'stylus',
5 verbose install     'ym' ] ]
6 info preinstall bem-project-stub@1.0.0
7 verbose readDependencies using package.json deps
8 verbose already installed skipping borschik@^1.3.0 /Users/parikmaher/Projects/YandexDisk/WantEat/techs/eat/public/frontend
9 verbose already installed skipping borschik-tech-cleancss@^1.0.0 /Users/parikmaher/Projects/YandexDisk/WantEat/techs/eat/public/frontend
10 verbose already installed skipping bower@^1.3.12 /Users/parikmaher/Projects/YandexDisk/WantEat/techs/eat/public/frontend
11 verbose already installed skipping bower-npm-install@~0.5.4 /Users/parikmaher/Projects/YandexDisk/WantEat/techs/eat/public/frontend
12 verbose already installed skipping enb@0.13.14 /Users/parikmaher/Projects/YandexDisk/WantEat/techs/eat/public/frontend
13 verbose already installed skipping enb-bem-techs@^1.0.2 /Users/parikmaher/Projects/YandexDisk/WantEat/techs/eat/public/frontend
14 verbose already installed skipping enb-autoprefixer@0.2.2 /Users/parikmaher/Projects/YandexDisk/WantEat/techs/eat/public/frontend
15 verbose already installed skipping enb-bemxjst@1.3.4 /Users/parikmaher/Projects/YandexDisk/WantEat/techs/eat/public/frontend
16 verbose already installed skipping enb-borschik@1.4.0 /Users/parikmaher/Projects/YandexDisk/WantEat/techs/eat/public/frontend
17 verbose already installed skipping enb-diverse-js@0.1.0 /Users/parikmaher/Projects/YandexDisk/WantEat/techs/eat/public/frontend
18 verbose already installed skipping enb-modules@0.2.0 /Users/parikmaher/Projects/YandexDisk/WantEat/techs/eat/public/frontend
19 verbose already installed skipping enb-stylus@1.2.0 /Users/parikmaher/Projects/YandexDisk/WantEat/techs/eat/public/frontend
20 verbose already installed skipping stylus@^0.47.1 /Users/parikmaher/Projects/YandexDisk/WantEat/techs/eat/public/frontend
21 verbose already installed skipping ym@^0.1.0 /Users/parikmaher/Projects/YandexDisk/WantEat/techs/eat/public/frontend
22 verbose already installed skipping bem-environ@~1.4.0 /Users/parikmaher/Projects/YandexDisk/WantEat/techs/eat/public/frontend
23 verbose already installed skipping bem@0.9.0 /Users/parikmaher/Projects/YandexDisk/WantEat/techs/eat/public/frontend
24 verbose already installed skipping bem-tools-autoprefixer@0.0.3 /Users/parikmaher/Projects/YandexDisk/WantEat/techs/eat/public/frontend
25 silly resolved []
26 info build /Users/parikmaher/Projects/YandexDisk/WantEat/techs/eat/public/frontend
27 verbose linkStuff [ false,
27 verbose linkStuff   false,
27 verbose linkStuff   false,
27 verbose linkStuff   '/Users/parikmaher/Projects/YandexDisk/WantEat/techs/eat/public' ]
28 info linkStuff bem-project-stub@1.0.0
29 verbose linkBins bem-project-stub@1.0.0
30 verbose linkMans bem-project-stub@1.0.0
31 verbose rebuildBundles bem-project-stub@1.0.0
32 verbose rebuildBundles [ '.bin',
32 verbose rebuildBundles   'autoprefixer-core',
32 verbose rebuildBundles   'bem',
32 verbose rebuildBundles   'bem-environ',
32 verbose rebuildBundles   'bem-tools-autoprefixer',
32 verbose rebuildBundles   'borschik',
32 verbose rebuildBundles   'borschik-tech-cleancss',
32 verbose rebuildBundles   'bower',
32 verbose rebuildBundles   'bower-npm-install',
32 verbose rebuildBundles   'enb',
32 verbose rebuildBundles   'enb-autoprefixer',
32 verbose rebuildBundles   'enb-bem-techs',
32 verbose rebuildBundles   'enb-bembundle',
32 verbose rebuildBundles   'enb-bemxjst',
32 verbose rebuildBundles   'enb-borschik',
32 verbose rebuildBundles   'enb-diverse-js',
32 verbose rebuildBundles   'enb-modules',
32 verbose rebuildBundles   'enb-stylus',
32 verbose rebuildBundles   'stylus',
32 verbose rebuildBundles   'ym' ]
33 verbose rebuild bundle /Users/parikmaher/Projects/YandexDisk/WantEat/techs/eat/public/frontend/node_modules/autoprefixer-core
34 info build /Users/parikmaher/Projects/YandexDisk/WantEat/techs/eat/public/frontend/node_modules/autoprefixer-core
35 info preinstall autoprefixer-core@4.0.2
36 verbose linkStuff [ false,
36 verbose linkStuff   false,
36 verbose linkStuff   false,
36 verbose linkStuff   '/Users/parikmaher/Projects/YandexDisk/WantEat/techs/eat/public/frontend/node_modules' ]
37 info linkStuff autoprefixer-core@4.0.2
38 verbose linkBins autoprefixer-core@4.0.2
39 verbose linkMans autoprefixer-core@4.0.2
40 verbose rebuildBundles autoprefixer-core@4.0.2
41 verbose rebuildBundles [ 'caniuse-db', 'postcss' ]
42 info install autoprefixer-core@4.0.2
43 info postinstall autoprefixer-core@4.0.2
44 verbose rebuild bundle /Users/parikmaher/Projects/YandexDisk/WantEat/techs/eat/public/frontend/node_modules/enb-bembundle
45 info build /Users/parikmaher/Projects/YandexDisk/WantEat/techs/eat/public/frontend/node_modules/enb-bembundle
46 info preinstall enb-bembundle@1.0.2
47 verbose linkStuff [ false,
47 verbose linkStuff   false,
47 verbose linkStuff   false,
47 verbose linkStuff   '/Users/parikmaher/Projects/YandexDisk/WantEat/techs/eat/public/frontend/node_modules' ]
48 info linkStuff enb-bembundle@1.0.2
49 verbose linkBins enb-bembundle@1.0.2
50 verbose linkMans enb-bembundle@1.0.2
51 verbose rebuildBundles enb-bembundle@1.0.2
52 verbose rebuildBundles [ 'vow' ]
53 info install enb-bembundle@1.0.2
54 info postinstall enb-bembundle@1.0.2
55 info install bem-project-stub@1.0.0
56 info postinstall bem-project-stub@1.0.0
57 verbose unsafe-perm in lifecycle true
58 info bem-project-stub@1.0.0 Failed to exec postinstall script
59 error bem-project-stub@1.0.0 postinstall: `bower-npm-install`
59 error Exit status 126
60 error Failed at the bem-project-stub@1.0.0 postinstall script.
60 error This is most likely a problem with the bem-project-stub package,
60 error not with npm itself.
60 error Tell the author that this fails on your system:
60 error     bower-npm-install
60 error You can get their info via:
60 error     npm owner ls bem-project-stub
60 error There is likely additional logging output above.
61 error System Darwin 13.4.0
62 error command "node" "/usr/local/bin/npm" "install"
63 error cwd /Users/parikmaher/Projects/YandexDisk/WantEat/techs/eat/public/frontend
64 error node -v v0.10.35
65 error npm -v 1.4.28
66 error code ELIFECYCLE
67 verbose exit [ 1, true ]
